#
# There is insufficient memory for the Java Runtime Environment to continue.
# Native memory allocation (malloc) failed to allocate 768656 bytes for Chunk::new
# Possible reasons:
#   The system is out of physical RAM or swap space
#   The process is running with CompressedOops enabled, and the Java Heap may be blocking the growth of the native heap
# Possible solutions:
#   Reduce memory load on the system
#   Increase physical memory or swap space
#   Check if swap backing store is full
#   Decrease Java heap size (-Xmx/-Xms)
#   Decrease number of Java threads
#   Decrease Java thread stack sizes (-Xss)
#   Set larger code cache with -XX:ReservedCodeCacheSize=
#   JVM is running with Unscaled Compressed Oops mode in which the Java heap is
#     placed in the first 4GB address space. The Java Heap base address is the
#     maximum limit for the native heap growth. Please use -XX:HeapBaseMinAddress
#     to set the Java Heap base and to place the Java Heap above 4GB virtual address.
# This output file may be truncated or incomplete.
#
#  Out of Memory Error (arena.cpp:189), pid=11232, tid=12756
#
# JRE version: OpenJDK Runtime Environment Temurin-17.0.6+10 (17.0.6+10) (build 17.0.6+10)
# Java VM: OpenJDK 64-Bit Server VM Temurin-17.0.6+10 (17.0.6+10, mixed mode, tiered, compressed oops, compressed class ptrs, parallel gc, windows-amd64)
# No core dump will be written. Minidumps are not enabled by default on client versions of Windows
#

---------------  S U M M A R Y ------------

Command Line: --add-modules=ALL-SYSTEM --add-opens=java.base/java.util=ALL-UNNAMED --add-opens=java.base/java.lang=ALL-UNNAMED --add-opens=java.base/sun.nio.fs=ALL-UNNAMED -Declipse.application=org.eclipse.jdt.ls.core.id1 -Dosgi.bundles.defaultStartLevel=4 -Declipse.product=org.eclipse.jdt.ls.core.product -Djava.import.generatesMetadataFilesAtProjectRoot=false -Dfile.encoding=utf8 -XX:+UseParallelGC -XX:GCTimeRatio=4 -XX:AdaptiveSizePolicyWeight=90 -Dsun.zip.disableMemoryMapping=true -Xmx1G -Xms100m -Xlog:disable -javaagent:c:\Users\thiag\.vscode\extensions\redhat.java-1.17.0-win32-x64\lombok\lombok-1.18.24.jar c:\Users\thiag\.vscode\extensions\redhat.java-1.17.0-win32-x64\server\plugins\org.eclipse.equinox.launcher_1.6.400.v20210924-0641.jar -configuration c:\Users\thiag\AppData\Roaming\Code\User\globalStorage\redhat.java\1.17.0\config_ss_win -data c:\Users\thiag\AppData\Roaming\Code\User\workspaceStorage\039792f43bdb8d0a8f4d2a83f5f7389b\redhat.java\ss_ws

Host: Intel(R) Core(TM) i5-7400 CPU @ 3.00GHz, 4 cores, 15G,  Windows 10 , 64 bit Build 19041 (10.0.19041.2788)
Time: Wed Apr 26 20:26:59 2023 Hora oficial do Brasil elapsed time: 3.664235 seconds (0d 0h 0m 3s)

---------------  T H R E A D  ---------------

Current thread (0x000001ba7e368530):  JavaThread "C2 CompilerThread0" daemon [_thread_in_native, id=12756, stack(0x00000037abd00000,0x00000037abe00000)]


Current CompileTask:
C2:   3664 2285       4       org.objectweb.asm.ClassReader::readMethod (1066 bytes)

Stack: [0x00000037abd00000,0x00000037abe00000]
Native frames: (J=compiled Java code, j=interpreted, Vv=VM code, C=native code)
V  [jvm.dll+0x67741a]
V  [jvm.dll+0x834434]
V  [jvm.dll+0x835bde]
V  [jvm.dll+0x836243]
V  [jvm.dll+0x2457b5]
V  [jvm.dll+0xabafc]
V  [jvm.dll+0xac0cc]
V  [jvm.dll+0x2ac94f]
V  [jvm.dll+0x57de47]
V  [jvm.dll+0x220812]
V  [jvm.dll+0x21a1e4]
V  [jvm.dll+0x21790b]
V  [jvm.dll+0x1a3d0d]
V  [jvm.dll+0x22742a]
V  [jvm.dll+0x225565]
V  [jvm.dll+0x7ea2cb]
V  [jvm.dll+0x7e483a]
V  [jvm.dll+0x6762c5]
C  [ucrtbase.dll+0x21bb2]
C  [KERNEL32.DLL+0x17604]
C  [ntdll.dll+0x526a1]


---------------  P R O C E S S  ---------------

Threads class SMR info:
_java_thread_list=0x000001ba037e2b30, length=20, elements={
0x000001ba6c51bfd0, 0x000001ba7e33b740, 0x000001ba7e33d160, 0x000001ba7e362150,
0x000001ba7e362ed0, 0x000001ba7e363c50, 0x000001ba7e365880, 0x000001ba7e368530,
0x000001ba7e3aade0, 0x000001ba7e3adaa0, 0x000001ba020f82f0, 0x000001ba022a24d0,
0x000001ba02997730, 0x000001ba035b3540, 0x000001ba0347e720, 0x000001ba0347b280,
0x000001ba029ff4f0, 0x000001ba034fa570, 0x000001ba03673060, 0x000001ba036743a0
}

Java Threads: ( => current thread )
  0x000001ba6c51bfd0 JavaThread "main" [_thread_blocked, id=1568, stack(0x00000037ab400000,0x00000037ab500000)]
  0x000001ba7e33b740 JavaThread "Reference Handler" daemon [_thread_blocked, id=16044, stack(0x00000037ab700000,0x00000037ab800000)]
  0x000001ba7e33d160 JavaThread "Finalizer" daemon [_thread_blocked, id=8696, stack(0x00000037ab800000,0x00000037ab900000)]
  0x000001ba7e362150 JavaThread "Signal Dispatcher" daemon [_thread_blocked, id=16656, stack(0x00000037ab900000,0x00000037aba00000)]
  0x000001ba7e362ed0 JavaThread "Attach Listener" daemon [_thread_blocked, id=15444, stack(0x00000037aba00000,0x00000037abb00000)]
  0x000001ba7e363c50 JavaThread "Service Thread" daemon [_thread_blocked, id=12404, stack(0x00000037abb00000,0x00000037abc00000)]
  0x000001ba7e365880 JavaThread "Monitor Deflation Thread" daemon [_thread_blocked, id=1428, stack(0x00000037abc00000,0x00000037abd00000)]
=>0x000001ba7e368530 JavaThread "C2 CompilerThread0" daemon [_thread_in_native, id=12756, stack(0x00000037abd00000,0x00000037abe00000)]
  0x000001ba7e3aade0 JavaThread "C1 CompilerThread0" daemon [_thread_blocked, id=16716, stack(0x00000037abe00000,0x00000037abf00000)]
  0x000001ba7e3adaa0 JavaThread "Sweeper thread" daemon [_thread_blocked, id=1868, stack(0x00000037abf00000,0x00000037ac000000)]
  0x000001ba020f82f0 JavaThread "Common-Cleaner" daemon [_thread_blocked, id=12752, stack(0x00000037ac000000,0x00000037ac100000)]
  0x000001ba022a24d0 JavaThread "Notification Thread" daemon [_thread_blocked, id=9008, stack(0x00000037ac100000,0x00000037ac200000)]
  0x000001ba02997730 JavaThread "Active Thread: Equinox Container: c1ec0d2a-7f03-4604-a9a2-7b00809d8ca4" [_thread_blocked, id=17192, stack(0x00000037ac700000,0x00000037ac800000)]
  0x000001ba035b3540 JavaThread "Framework Event Dispatcher: Equinox Container: c1ec0d2a-7f03-4604-a9a2-7b00809d8ca4" daemon [_thread_blocked, id=10992, stack(0x00000037ac800000,0x00000037ac900000)]
  0x000001ba0347e720 JavaThread "Start Level: Equinox Container: c1ec0d2a-7f03-4604-a9a2-7b00809d8ca4" daemon [_thread_in_native, id=11048, stack(0x00000037ac900000,0x00000037aca00000)]
  0x000001ba0347b280 JavaThread "SCR Component Actor" daemon [_thread_blocked, id=5180, stack(0x00000037aca00000,0x00000037acb00000)]
  0x000001ba029ff4f0 JavaThread "SCR Component Registry" daemon [_thread_blocked, id=8112, stack(0x00000037acb00000,0x00000037acc00000)]
  0x000001ba034fa570 JavaThread "Worker-JM" [_thread_blocked, id=5344, stack(0x00000037acc00000,0x00000037acd00000)]
  0x000001ba03673060 JavaThread "Worker-0" [_thread_blocked, id=3292, stack(0x00000037ac600000,0x00000037ac700000)]
  0x000001ba036743a0 JavaThread "Worker-1" [_thread_blocked, id=3092, stack(0x00000037acd00000,0x00000037ace00000)]

Other Threads:
  0x000001ba7e323ca0 VMThread "VM Thread" [stack: 0x00000037ab600000,0x00000037ab700000] [id=5876]
  0x000001ba022b0480 WatcherThread [stack: 0x00000037ac200000,0x00000037ac300000] [id=6840]
  0x000001ba6c532370 GCTaskThread "GC Thread#0" [stack: 0x00000037ab500000,0x00000037ab600000] [id=17240]
  0x000001ba02bf4fb0 GCTaskThread "GC Thread#1" [stack: 0x00000037ac300000,0x00000037ac400000] [id=16576]
  0x000001ba02bce000 GCTaskThread "GC Thread#2" [stack: 0x00000037ac400000,0x00000037ac500000] [id=4116]
  0x000001ba02a6af10 GCTaskThread "GC Thread#3" [stack: 0x00000037ac500000,0x00000037ac600000] [id=5768]

Threads with active compile tasks:
C2 CompilerThread0     3687 2285       4       org.objectweb.asm.ClassReader::readMethod (1066 bytes)

VM state: not at safepoint (normal execution)

VM Mutex/Monitor currently owned by a thread: None

Heap address: 0x00000000c0000000, size: 1024 MB, Compressed Oops mode: 32-bit

CDS archive(s) not mapped
Compressed class space mapped at: 0x0000000100000000-0x0000000140000000, reserved size: 1073741824
Narrow klass base: 0x0000000000000000, Narrow klass shift: 3, Narrow klass range: 0x140000000

GC Precious Log:
 CPUs: 4 total, 4 available
 Memory: 16324M
 Large Page Support: Disabled
 NUMA Support: Disabled
 Compressed Oops: Enabled (32-bit)
 Alignments: Space 512K, Generation 512K, Heap 2M
 Heap Min Capacity: 100M
 Heap Initial Capacity: 100M
 Heap Max Capacity: 1G
 Pre-touch: Disabled
 Parallel Workers: 4

Heap:
 PSYoungGen      total 26112K, used 20153K [0x00000000eab00000, 0x00000000ec880000, 0x0000000100000000)
  eden space 25088K, 78% used [0x00000000eab00000,0x00000000ebe222c8,0x00000000ec380000)
  from space 1024K, 54% used [0x00000000ec400000,0x00000000ec48c360,0x00000000ec500000)
  to   space 2560K, 0% used [0x00000000ec600000,0x00000000ec600000,0x00000000ec880000)
 ParOldGen       total 68608K, used 7108K [0x00000000c0000000, 0x00000000c4300000, 0x00000000eab00000)
  object space 68608K, 10% used [0x00000000c0000000,0x00000000c06f1018,0x00000000c4300000)
 Metaspace       used 26325K, committed 26816K, reserved 1073152K
  class space    used 2535K, committed 2752K, reserved 1048576K

Card table byte_map: [0x000001ba6bed0000,0x000001ba6c0e0000] _byte_map_base: 0x000001ba6b8d0000

Marking Bits: (ParMarkBitMap*) 0x00007ffbd9e73e70
 Begin Bits: [0x000001ba00000000, 0x000001ba01000000)
 End Bits:   [0x000001ba01000000, 0x000001ba02000000)

Polling page: 0x000001ba6a4a0000

Metaspace:

Usage:
  Non-class:     23.23 MB used.
      Class:      2.48 MB used.
       Both:     25.71 MB used.

Virtual space:
  Non-class space:       24.00 MB reserved,      23.50 MB ( 98%) committed,  3 nodes.
      Class space:        1.00 GB reserved,       2.69 MB ( <1%) committed,  1 nodes.
             Both:        1.02 GB reserved,      26.19 MB (  2%) committed. 

Chunk freelists:
   Non-Class:  32.00 KB
       Class:  1.36 MB
        Both:  1.39 MB

MaxMetaspaceSize: unlimited
CompressedClassSpaceSize: 1.00 GB
Initial GC threshold: 21.00 MB
Current GC threshold: 35.00 MB
CDS: off
MetaspaceReclaimPolicy: balanced
 - commit_granule_bytes: 65536.
 - commit_granule_words: 8192.
 - virtual_space_node_default_size: 1048576.
 - enlarge_chunks_in_place: 1.
 - new_chunks_are_fully_committed: 0.
 - uncommit_free_chunks: 1.
 - use_allocation_guard: 0.
 - handle_deallocations: 1.


Internal statistics:

num_allocs_failed_limit: 3.
num_arena_births: 196.
num_arena_deaths: 14.
num_vsnodes_births: 4.
num_vsnodes_deaths: 0.
num_space_committed: 419.
num_space_uncommitted: 0.
num_chunks_returned_to_freelist: 17.
num_chunks_taken_from_freelist: 866.
num_chunk_merges: 4.
num_chunk_splits: 585.
num_chunks_enlarged: 429.
num_purges: 2.
num_inconsistent_stats: 0.

CodeHeap 'non-profiled nmethods': size=120000Kb used=918Kb max_used=918Kb free=119081Kb
 bounds [0x000001ba76c80000, 0x000001ba76ef0000, 0x000001ba7e1b0000]
CodeHeap 'profiled nmethods': size=120000Kb used=4654Kb max_used=4654Kb free=115345Kb
 bounds [0x000001ba6f1b0000, 0x000001ba6f640000, 0x000001ba766e0000]
CodeHeap 'non-nmethods': size=5760Kb used=1229Kb max_used=1233Kb free=4531Kb
 bounds [0x000001ba766e0000, 0x000001ba76950000, 0x000001ba76c80000]
 total_blobs=2851 nmethods=2313 adapters=452
 compilation: enabled
              stopped_count=0, restarted_count=0
 full_count=0

Compilation events (20 events):
Event: 3.607 Thread 0x000001ba7e3aade0 nmethod 2284 0x000001ba6f61be10 code [0x000001ba6f61bfc0, 0x000001ba6f61c148]
Event: 3.607 Thread 0x000001ba7e368530 2285       4       org.objectweb.asm.ClassReader::readMethod (1066 bytes)
Event: 3.608 Thread 0x000001ba7e3aade0 2287       3       org.objectweb.asm.SymbolTable::put (150 bytes)
Event: 3.608 Thread 0x000001ba7e3aade0 nmethod 2287 0x000001ba6f61c210 code [0x000001ba6f61c3e0, 0x000001ba6f61caf8]
Event: 3.610 Thread 0x000001ba7e3aade0 2288 %     3       org.objectweb.asm.ClassReader::<init> @ 110 (371 bytes)
Event: 3.611 Thread 0x000001ba7e3aade0 nmethod 2288% 0x000001ba6f61ce10 code [0x000001ba6f61d100, 0x000001ba6f61e458]
Event: 3.612 Thread 0x000001ba7e3aade0 2289       3       org.objectweb.asm.SymbolTable::hash (14 bytes)
Event: 3.612 Thread 0x000001ba7e3aade0 nmethod 2289 0x000001ba6f61ea10 code [0x000001ba6f61eba0, 0x000001ba6f61ec98]
Event: 3.612 Thread 0x000001ba7e3aade0 2290 %     3       org.objectweb.asm.SymbolTable::<init> @ 98 (536 bytes)
Event: 3.614 Thread 0x000001ba7e3aade0 nmethod 2290% 0x000001ba6f61ed10 code [0x000001ba6f61f2c0, 0x000001ba6f621ec8]
Event: 3.614 Thread 0x000001ba7e3aade0 2291       3       java.util.Arrays$ArrayItr::next (36 bytes)
Event: 3.614 Thread 0x000001ba7e3aade0 nmethod 2291 0x000001ba6f623090 code [0x000001ba6f623240, 0x000001ba6f623488]
Event: 3.625 Thread 0x000001ba7e3aade0 2294       3       org.objectweb.asm.ClassReader::<init> (371 bytes)
Event: 3.626 Thread 0x000001ba7e3aade0 nmethod 2294 0x000001ba6f623590 code [0x000001ba6f623860, 0x000001ba6f624a18]
Event: 3.626 Thread 0x000001ba7e3aade0 2295       3       org.objectweb.asm.SymbolTable::<init> (536 bytes)
Event: 3.628 Thread 0x000001ba7e3aade0 nmethod 2295 0x000001ba6f624f90 code [0x000001ba6f625520, 0x000001ba6f627e88]
Event: 3.628 Thread 0x000001ba7e3aade0 2296       3       java.util.Arrays::fill (21 bytes)
Event: 3.628 Thread 0x000001ba7e3aade0 nmethod 2296 0x000001ba6f628f90 code [0x000001ba6f629120, 0x000001ba6f6292d8]
Event: 3.644 Thread 0x000001ba7e3aade0 2297       3       org.eclipse.core.internal.registry.Handle::<init> (15 bytes)
Event: 3.644 Thread 0x000001ba7e3aade0 nmethod 2297 0x000001ba6f629410 code [0x000001ba6f6295a0, 0x000001ba6f629718]

GC Heap History (12 events):
Event: 1.442 GC heap before
{Heap before GC invocations=1 (full 0):
 PSYoungGen      total 29696K, used 25600K [0x00000000eab00000, 0x00000000ecc00000, 0x0000000100000000)
  eden space 25600K, 100% used [0x00000000eab00000,0x00000000ec400000,0x00000000ec400000)
  from space 4096K, 0% used [0x00000000ec800000,0x00000000ec800000,0x00000000ecc00000)
  to   space 4096K, 0% used [0x00000000ec400000,0x00000000ec400000,0x00000000ec800000)
 ParOldGen       total 68608K, used 0K [0x00000000c0000000, 0x00000000c4300000, 0x00000000eab00000)
  object space 68608K, 0% used [0x00000000c0000000,0x00000000c0000000,0x00000000c4300000)
 Metaspace       used 11145K, committed 11328K, reserved 1064960K
  class space    used 1108K, committed 1216K, reserved 1048576K
}
Event: 1.456 GC heap after
{Heap after GC invocations=1 (full 0):
 PSYoungGen      total 29696K, used 3262K [0x00000000eab00000, 0x00000000ecc00000, 0x0000000100000000)
  eden space 25600K, 0% used [0x00000000eab00000,0x00000000eab00000,0x00000000ec400000)
  from space 4096K, 79% used [0x00000000ec400000,0x00000000ec72fb18,0x00000000ec800000)
  to   space 4096K, 0% used [0x00000000ec800000,0x00000000ec800000,0x00000000ecc00000)
 ParOldGen       total 68608K, used 0K [0x00000000c0000000, 0x00000000c4300000, 0x00000000eab00000)
  object space 68608K, 0% used [0x00000000c0000000,0x00000000c0000000,0x00000000c4300000)
 Metaspace       used 11145K, committed 11328K, reserved 1064960K
  class space    used 1108K, committed 1216K, reserved 1048576K
}
Event: 2.265 GC heap before
{Heap before GC invocations=2 (full 0):
 PSYoungGen      total 29696K, used 28862K [0x00000000eab00000, 0x00000000ecc00000, 0x0000000100000000)
  eden space 25600K, 100% used [0x00000000eab00000,0x00000000ec400000,0x00000000ec400000)
  from space 4096K, 79% used [0x00000000ec400000,0x00000000ec72fb18,0x00000000ec800000)
  to   space 4096K, 0% used [0x00000000ec800000,0x00000000ec800000,0x00000000ecc00000)
 ParOldGen       total 68608K, used 0K [0x00000000c0000000, 0x00000000c4300000, 0x00000000eab00000)
  object space 68608K, 0% used [0x00000000c0000000,0x00000000c0000000,0x00000000c4300000)
 Metaspace       used 15421K, committed 15680K, reserved 1064960K
  class space    used 1571K, committed 1728K, reserved 1048576K
}
Event: 2.269 GC heap after
{Heap after GC invocations=2 (full 0):
 PSYoungGen      total 29696K, used 4088K [0x00000000eab00000, 0x00000000ecc00000, 0x0000000100000000)
  eden space 25600K, 0% used [0x00000000eab00000,0x00000000eab00000,0x00000000ec400000)
  from space 4096K, 99% used [0x00000000ec800000,0x00000000ecbfe318,0x00000000ecc00000)
  to   space 4096K, 0% used [0x00000000ec400000,0x00000000ec400000,0x00000000ec800000)
 ParOldGen       total 68608K, used 841K [0x00000000c0000000, 0x00000000c4300000, 0x00000000eab00000)
  object space 68608K, 1% used [0x00000000c0000000,0x00000000c00d26f8,0x00000000c4300000)
 Metaspace       used 15421K, committed 15680K, reserved 1064960K
  class space    used 1571K, committed 1728K, reserved 1048576K
}
Event: 3.047 GC heap before
{Heap before GC invocations=3 (full 0):
 PSYoungGen      total 29696K, used 29688K [0x00000000eab00000, 0x00000000ecc00000, 0x0000000100000000)
  eden space 25600K, 100% used [0x00000000eab00000,0x00000000ec400000,0x00000000ec400000)
  from space 4096K, 99% used [0x00000000ec800000,0x00000000ecbfe318,0x00000000ecc00000)
  to   space 4096K, 0% used [0x00000000ec400000,0x00000000ec400000,0x00000000ec800000)
 ParOldGen       total 68608K, used 841K [0x00000000c0000000, 0x00000000c4300000, 0x00000000eab00000)
  object space 68608K, 1% used [0x00000000c0000000,0x00000000c00d26f8,0x00000000c4300000)
 Metaspace       used 20440K, committed 20928K, reserved 1073152K
  class space    used 2076K, committed 2304K, reserved 1048576K
}
Event: 3.052 GC heap after
{Heap after GC invocations=3 (full 0):
 PSYoungGen      total 29696K, used 4092K [0x00000000eab00000, 0x00000000ecc00000, 0x0000000100000000)
  eden space 25600K, 0% used [0x00000000eab00000,0x00000000eab00000,0x00000000ec400000)
  from space 4096K, 99% used [0x00000000ec400000,0x00000000ec7ff1f8,0x00000000ec800000)
  to   space 4096K, 0% used [0x00000000ec800000,0x00000000ec800000,0x00000000ecc00000)
 ParOldGen       total 68608K, used 3015K [0x00000000c0000000, 0x00000000c4300000, 0x00000000eab00000)
  object space 68608K, 4% used [0x00000000c0000000,0x00000000c02f1d28,0x00000000c4300000)
 Metaspace       used 20440K, committed 20928K, reserved 1073152K
  class space    used 2076K, committed 2304K, reserved 1048576K
}
Event: 3.158 GC heap before
{Heap before GC invocations=4 (full 0):
 PSYoungGen      total 29696K, used 8157K [0x00000000eab00000, 0x00000000ecc00000, 0x0000000100000000)
  eden space 25600K, 15% used [0x00000000eab00000,0x00000000eaef8388,0x00000000ec400000)
  from space 4096K, 99% used [0x00000000ec400000,0x00000000ec7ff1f8,0x00000000ec800000)
  to   space 4096K, 0% used [0x00000000ec800000,0x00000000ec800000,0x00000000ecc00000)
 ParOldGen       total 68608K, used 3015K [0x00000000c0000000, 0x00000000c4300000, 0x00000000eab00000)
  object space 68608K, 4% used [0x00000000c0000000,0x00000000c02f1d28,0x00000000c4300000)
 Metaspace       used 21074K, committed 21504K, reserved 1073152K
  class space    used 2148K, committed 2368K, reserved 1048576K
}
Event: 3.162 GC heap after
{Heap after GC invocations=4 (full 0):
 PSYoungGen      total 29696K, used 4092K [0x00000000eab00000, 0x00000000ecc00000, 0x0000000100000000)
  eden space 25600K, 0% used [0x00000000eab00000,0x00000000eab00000,0x00000000ec400000)
  from space 4096K, 99% used [0x00000000ec800000,0x00000000ecbff1f8,0x00000000ecc00000)
  to   space 4096K, 0% used [0x00000000ec400000,0x00000000ec400000,0x00000000ec800000)
 ParOldGen       total 68608K, used 3175K [0x00000000c0000000, 0x00000000c4300000, 0x00000000eab00000)
  object space 68608K, 4% used [0x00000000c0000000,0x00000000c0319d28,0x00000000c4300000)
 Metaspace       used 21074K, committed 21504K, reserved 1073152K
  class space    used 2148K, committed 2368K, reserved 1048576K
}
Event: 3.162 GC heap before
{Heap before GC invocations=5 (full 1):
 PSYoungGen      total 29696K, used 4092K [0x00000000eab00000, 0x00000000ecc00000, 0x0000000100000000)
  eden space 25600K, 0% used [0x00000000eab00000,0x00000000eab00000,0x00000000ec400000)
  from space 4096K, 99% used [0x00000000ec800000,0x00000000ecbff1f8,0x00000000ecc00000)
  to   space 4096K, 0% used [0x00000000ec400000,0x00000000ec400000,0x00000000ec800000)
 ParOldGen       total 68608K, used 3175K [0x00000000c0000000, 0x00000000c4300000, 0x00000000eab00000)
  object space 68608K, 4% used [0x00000000c0000000,0x00000000c0319d28,0x00000000c4300000)
 Metaspace       used 21074K, committed 21504K, reserved 1073152K
  class space    used 2148K, committed 2368K, reserved 1048576K
}
Event: 3.183 GC heap after
{Heap after GC invocations=5 (full 1):
 PSYoungGen      total 29696K, used 0K [0x00000000eab00000, 0x00000000ecc00000, 0x0000000100000000)
  eden space 25600K, 0% used [0x00000000eab00000,0x00000000eab00000,0x00000000ec400000)
  from space 4096K, 0% used [0x00000000ec800000,0x00000000ec800000,0x00000000ecc00000)
  to   space 4096K, 0% used [0x00000000ec400000,0x00000000ec400000,0x00000000ec800000)
 ParOldGen       total 68608K, used 7108K [0x00000000c0000000, 0x00000000c4300000, 0x00000000eab00000)
  object space 68608K, 10% used [0x00000000c0000000,0x00000000c06f1018,0x00000000c4300000)
 Metaspace       used 21061K, committed 21504K, reserved 1073152K
  class space    used 2144K, committed 2368K, reserved 1048576K
}
Event: 3.560 GC heap before
{Heap before GC invocations=6 (full 1):
 PSYoungGen      total 29696K, used 25600K [0x00000000eab00000, 0x00000000ecc00000, 0x0000000100000000)
  eden space 25600K, 100% used [0x00000000eab00000,0x00000000ec400000,0x00000000ec400000)
  from space 4096K, 0% used [0x00000000ec800000,0x00000000ec800000,0x00000000ecc00000)
  to   space 4096K, 0% used [0x00000000ec400000,0x00000000ec400000,0x00000000ec800000)
 ParOldGen       total 68608K, used 7108K [0x00000000c0000000, 0x00000000c4300000, 0x00000000eab00000)
  object space 68608K, 10% used [0x00000000c0000000,0x00000000c06f1018,0x00000000c4300000)
 Metaspace       used 24532K, committed 25024K, reserved 1073152K
  class space    used 2402K, committed 2624K, reserved 1048576K
}
Event: 3.561 GC heap after
{Heap after GC invocations=6 (full 1):
 PSYoungGen      total 26112K, used 560K [0x00000000eab00000, 0x00000000ec880000, 0x0000000100000000)
  eden space 25088K, 0% used [0x00000000eab00000,0x00000000eab00000,0x00000000ec380000)
  from space 1024K, 54% used [0x00000000ec400000,0x00000000ec48c360,0x00000000ec500000)
  to   space 2560K, 0% used [0x00000000ec600000,0x00000000ec600000,0x00000000ec880000)
 ParOldGen       total 68608K, used 7108K [0x00000000c0000000, 0x00000000c4300000, 0x00000000eab00000)
  object space 68608K, 10% used [0x00000000c0000000,0x00000000c06f1018,0x00000000c4300000)
 Metaspace       used 24532K, committed 25024K, reserved 1073152K
  class space    used 2402K, committed 2624K, reserved 1048576K
}

Dll operation events (9 events):
Event: 0.010 Loaded shared library c:\Users\thiag\.vscode\extensions\redhat.java-1.17.0-win32-x64\jre\17.0.6-win32-x86_64\bin\java.dll
Event: 0.387 Loaded shared library c:\Users\thiag\.vscode\extensions\redhat.java-1.17.0-win32-x64\jre\17.0.6-win32-x86_64\bin\zip.dll
Event: 0.391 Loaded shared library C:\Users\thiag\.vscode\extensions\redhat.java-1.17.0-win32-x64\jre\17.0.6-win32-x86_64\bin\instrument.dll
Event: 0.407 Loaded shared library C:\Users\thiag\.vscode\extensions\redhat.java-1.17.0-win32-x64\jre\17.0.6-win32-x86_64\bin\net.dll
Event: 0.409 Loaded shared library C:\Users\thiag\.vscode\extensions\redhat.java-1.17.0-win32-x64\jre\17.0.6-win32-x86_64\bin\nio.dll
Event: 0.459 Loaded shared library C:\Users\thiag\.vscode\extensions\redhat.java-1.17.0-win32-x64\jre\17.0.6-win32-x86_64\bin\zip.dll
Event: 0.501 Loaded shared library C:\Users\thiag\.vscode\extensions\redhat.java-1.17.0-win32-x64\jre\17.0.6-win32-x86_64\bin\jimage.dll
Event: 0.573 Loaded shared library c:\Users\thiag\.vscode\extensions\redhat.java-1.17.0-win32-x64\jre\17.0.6-win32-x86_64\bin\verify.dll
Event: 2.055 Loaded shared library C:\Users\thiag\AppData\Roaming\Code\User\globalStorage\redhat.java\1.17.0\config_ss_win\org.eclipse.equinox.launcher\org.eclipse.equinox.launcher.win32.win32.x86_64_1.2.700.v20221108-1024\eclipse_11801.dll

Deoptimization events (20 events):
Event: 2.983 Thread 0x000001ba0347e720 DEOPT PACKING pc=0x000001ba76d2c938 sp=0x00000037ac9f4f90
Event: 2.983 Thread 0x000001ba0347e720 DEOPT UNPACKING pc=0x000001ba767366a3 sp=0x00000037ac9f4f08 mode 2
Event: 2.985 Thread 0x000001ba0347e720 Uncommon trap: trap_request=0xffffffc6 fr.pc=0x000001ba76d2c938 relative=0x0000000000001b98
Event: 2.985 Thread 0x000001ba0347e720 Uncommon trap: reason=bimorphic_or_optimized_type_check action=maybe_recompile pc=0x000001ba76d2c938 method=java.io.DataInputStream.readUnsignedShort()I @ 4 c2
Event: 2.985 Thread 0x000001ba0347e720 DEOPT PACKING pc=0x000001ba76d2c938 sp=0x00000037ac9f4c50
Event: 2.985 Thread 0x000001ba0347e720 DEOPT UNPACKING pc=0x000001ba767366a3 sp=0x00000037ac9f4bc8 mode 2
Event: 2.985 Thread 0x000001ba0347e720 Uncommon trap: trap_request=0xffffffc6 fr.pc=0x000001ba76d2c938 relative=0x0000000000001b98
Event: 2.985 Thread 0x000001ba0347e720 Uncommon trap: reason=bimorphic_or_optimized_type_check action=maybe_recompile pc=0x000001ba76d2c938 method=java.io.DataInputStream.readUnsignedShort()I @ 4 c2
Event: 2.985 Thread 0x000001ba0347e720 DEOPT PACKING pc=0x000001ba76d2c938 sp=0x00000037ac9f4b90
Event: 2.985 Thread 0x000001ba0347e720 DEOPT UNPACKING pc=0x000001ba767366a3 sp=0x00000037ac9f4b08 mode 2
Event: 2.985 Thread 0x000001ba0347e720 Uncommon trap: trap_request=0xffffffc6 fr.pc=0x000001ba76d2c938 relative=0x0000000000001b98
Event: 2.985 Thread 0x000001ba0347e720 Uncommon trap: reason=bimorphic_or_optimized_type_check action=maybe_recompile pc=0x000001ba76d2c938 method=java.io.DataInputStream.readUnsignedShort()I @ 4 c2
Event: 2.985 Thread 0x000001ba0347e720 DEOPT PACKING pc=0x000001ba76d2c938 sp=0x00000037ac9f4ae0
Event: 2.985 Thread 0x000001ba0347e720 DEOPT UNPACKING pc=0x000001ba767366a3 sp=0x00000037ac9f4a58 mode 2
Event: 3.043 Thread 0x000001ba0347e720 Uncommon trap: trap_request=0xffffff45 fr.pc=0x000001ba76d057c0 relative=0x0000000000000040
Event: 3.043 Thread 0x000001ba0347e720 Uncommon trap: reason=unstable_if action=reinterpret pc=0x000001ba76d057c0 method=sun.nio.fs.WindowsPathParser.isSlash(C)Z @ 9 c2
Event: 3.043 Thread 0x000001ba0347e720 DEOPT PACKING pc=0x000001ba76d057c0 sp=0x00000037ac9f4970
Event: 3.043 Thread 0x000001ba0347e720 DEOPT UNPACKING pc=0x000001ba767366a3 sp=0x00000037ac9f48f8 mode 2
Event: 3.624 Thread 0x000001ba0347e720 DEOPT PACKING pc=0x000001ba6f283943 sp=0x00000037ac9f1ed0
Event: 3.624 Thread 0x000001ba0347e720 DEOPT UNPACKING pc=0x000001ba76736e43 sp=0x00000037ac9f13f0 mode 0

Classes unloaded (7 events):
Event: 3.166 Thread 0x000001ba7e323ca0 Unloading class 0x0000000100214400 'java/lang/invoke/LambdaForm$MH+0x0000000100214400'
Event: 3.166 Thread 0x000001ba7e323ca0 Unloading class 0x0000000100214000 'java/lang/invoke/LambdaForm$MH+0x0000000100214000'
Event: 3.166 Thread 0x000001ba7e323ca0 Unloading class 0x0000000100213c00 'java/lang/invoke/LambdaForm$MH+0x0000000100213c00'
Event: 3.166 Thread 0x000001ba7e323ca0 Unloading class 0x0000000100213800 'java/lang/invoke/LambdaForm$MH+0x0000000100213800'
Event: 3.166 Thread 0x000001ba7e323ca0 Unloading class 0x0000000100213000 'java/lang/invoke/LambdaForm$BMH+0x0000000100213000'
Event: 3.166 Thread 0x000001ba7e323ca0 Unloading class 0x0000000100212c00 'java/lang/invoke/LambdaForm$DMH+0x0000000100212c00'
Event: 3.166 Thread 0x000001ba7e323ca0 Unloading class 0x0000000100210000 'java/lang/invoke/LambdaForm$DMH+0x0000000100210000'

Classes redefined (0 events):
No events

Internal exceptions (20 events):
Event: 2.794 Thread 0x000001ba0347e720 Exception <a 'java/lang/NoSuchMethodError'{0x00000000ebdac0c8}: 'void java.lang.invoke.DelegatingMethodHandle$Holder.delegate(java.lang.Object, java.lang.Object, int, java.lang.Object)'> (0x00000000ebdac0c8) 
thrown [s\src\hotspot\share\interpreter\linkResolver.cpp, line 759]
Event: 2.794 Thread 0x000001ba0347e720 Exception <a 'java/lang/NoSuchMethodError'{0x00000000ebdb0758}: 'int java.lang.invoke.DirectMethodHandle$Holder.invokeSpecial(java.lang.Object, java.lang.Object, java.lang.Object)'> (0x00000000ebdb0758) 
thrown [s\src\hotspot\share\interpreter\linkResolver.cpp, line 759]
Event: 2.795 Thread 0x000001ba0347e720 Exception <a 'java/lang/NoSuchMethodError'{0x00000000ebdc1fa8}: 'int java.lang.invoke.DirectMethodHandle$Holder.invokeStatic(java.lang.Object, java.lang.Object, int)'> (0x00000000ebdc1fa8) 
thrown [s\src\hotspot\share\interpreter\linkResolver.cpp, line 759]
Event: 2.796 Thread 0x000001ba0347e720 Exception <a 'java/lang/NoSuchMethodError'{0x00000000ebdc6678}: 'int java.lang.invoke.DirectMethodHandle$Holder.invokeSpecial(java.lang.Object, java.lang.Object, java.lang.Object, int)'> (0x00000000ebdc6678) 
thrown [s\src\hotspot\share\interpreter\linkResolver.cpp, line 759]
Event: 2.797 Thread 0x000001ba0347e720 Exception <a 'java/lang/NoSuchMethodError'{0x00000000ebde2118}: 'java.lang.Object java.lang.invoke.DirectMethodHandle$Holder.invokeStatic(java.lang.Object, java.lang.Object, java.lang.Object, java.lang.Object, int)'> (0x00000000ebde2118) 
thrown [s\src\hotspot\share\interpreter\linkResolver.cpp, line 759]
Event: 2.798 Thread 0x000001ba0347e720 Exception <a 'java/lang/NoSuchMethodError'{0x00000000ebdee110}: 'java.lang.Object java.lang.invoke.DelegatingMethodHandle$Holder.reinvoke_L(java.lang.Object, java.lang.Object, java.lang.Object, java.lang.Object, int, int)'> (0x00000000ebdee110) 
thrown [s\src\hotspot\share\interpreter\linkResolver.cpp, line 759]
Event: 2.801 Thread 0x000001ba0347e720 Exception <a 'java/lang/NoSuchMethodError'{0x00000000ebe060b8}: 'java.lang.Object java.lang.invoke.Invokers$Holder.invokeExact_MT(java.lang.Object, java.lang.Object, java.lang.Object, java.lang.Object)'> (0x00000000ebe060b8) 
thrown [s\src\hotspot\share\interpreter\linkResolver.cpp, line 759]
Event: 2.986 Thread 0x000001ba0347e720 Exception <a 'java/lang/NoSuchMethodError'{0x00000000ec23fd40}: 'java.lang.Object java.lang.invoke.DirectMethodHandle$Holder.newInvokeSpecial(java.lang.Object, java.lang.Object, java.lang.Object, java.lang.Object, java.lang.Object)'> (0x00000000ec23fd40) 
thrown [s\src\hotspot\share\interpreter\linkResolver.cpp, line 759]
Event: 3.075 Thread 0x000001ba0347e720 Exception <a 'java/lang/NoSuchMethodError'{0x00000000eac3b0b8}: 'java.lang.Object java.lang.invoke.DirectMethodHandle$Holder.invokeSpecial(java.lang.Object, java.lang.Object, java.lang.Object, long, java.lang.Object)'> (0x00000000eac3b0b8) 
thrown [s\src\hotspot\share\interpreter\linkResolver.cpp, line 759]
Event: 3.076 Thread 0x000001ba0347e720 Exception <a 'java/lang/NoSuchMethodError'{0x00000000eac434b8}: 'java.lang.Object java.lang.invoke.DirectMethodHandle$Holder.newInvokeSpecial(java.lang.Object, java.lang.Object, java.lang.Object, long)'> (0x00000000eac434b8) 
thrown [s\src\hotspot\share\interpreter\linkResolver.cpp, line 759]
Event: 3.076 Thread 0x000001ba0347e720 Exception <a 'java/lang/NoSuchMethodError'{0x00000000eac47a58}: 'java.lang.Object java.lang.invoke.DirectMethodHandle$Holder.invokeSpecial(java.lang.Object, java.lang.Object, java.lang.Object, java.lang.Object, long)'> (0x00000000eac47a58) 
thrown [s\src\hotspot\share\interpreter\linkResolver.cpp, line 759]
Event: 3.090 Thread 0x000001ba0347e720 Exception <a 'java/lang/NoSuchMethodError'{0x00000000eacb4e20}: 'int java.lang.invoke.DirectMethodHandle$Holder.invokeStaticInit(java.lang.Object, java.lang.Object, java.lang.Object)'> (0x00000000eacb4e20) 
thrown [s\src\hotspot\share\interpreter\linkResolver.cpp, line 759]
Event: 3.097 Thread 0x000001ba0347e720 Exception <a 'java/lang/IncompatibleClassChangeError'{0x00000000ead1b960}: Found class java.lang.Object, but interface was expected> (0x00000000ead1b960) 
thrown [s\src\hotspot\share\interpreter\linkResolver.cpp, line 826]
Event: 3.104 Thread 0x000001ba0347e720 Exception <a 'java/lang/NoSuchMethodError'{0x00000000ead3a670}: 'java.lang.Object java.lang.invoke.DirectMethodHandle$Holder.invokeSpecial(java.lang.Object, java.lang.Object, java.lang.Object, int, java.lang.Object, java.lang.Object)'> (0x00000000ead3a670) 
thrown [s\src\hotspot\share\interpreter\linkResolver.cpp, line 759]
Event: 3.105 Thread 0x000001ba0347e720 Exception <a 'java/lang/NoSuchMethodError'{0x00000000ead43170}: 'java.lang.Object java.lang.invoke.DirectMethodHandle$Holder.newInvokeSpecial(java.lang.Object, java.lang.Object, java.lang.Object, int, java.lang.Object)'> (0x00000000ead43170) 
thrown [s\src\hotspot\share\interpreter\linkResolver.cpp, line 759]
Event: 3.105 Thread 0x000001ba0347e720 Exception <a 'java/lang/NoSuchMethodError'{0x00000000ead475c8}: 'java.lang.Object java.lang.invoke.DirectMethodHandle$Holder.invokeSpecial(java.lang.Object, java.lang.Object, java.lang.Object, java.lang.Object, int, java.lang.Object)'> (0x00000000ead475c8) 
thrown [s\src\hotspot\share\interpreter\linkResolver.cpp, line 759]
Event: 3.124 Thread 0x000001ba03673060 Exception <a 'java/lang/NoSuchMethodError'{0x00000000eadd27f0}: 'java.lang.Object java.lang.invoke.DirectMethodHandle$Holder.invokeSpecial(java.lang.Object, java.lang.Object, int, java.lang.Object, java.lang.Object)'> (0x00000000eadd27f0) 
thrown [s\src\hotspot\share\interpreter\linkResolver.cpp, line 759]
Event: 3.124 Thread 0x000001ba03673060 Exception <a 'java/lang/NoSuchMethodError'{0x00000000eadd9ec0}: 'java.lang.Object java.lang.invoke.DirectMethodHandle$Holder.newInvokeSpecial(java.lang.Object, java.lang.Object, int, java.lang.Object)'> (0x00000000eadd9ec0) 
thrown [s\src\hotspot\share\interpreter\linkResolver.cpp, line 759]
Event: 3.125 Thread 0x000001ba03673060 Exception <a 'java/lang/NoSuchMethodError'{0x00000000eaddd9d0}: 'java.lang.Object java.lang.invoke.DirectMethodHandle$Holder.invokeSpecial(java.lang.Object, java.lang.Object, java.lang.Object, int, java.lang.Object)'> (0x00000000eaddd9d0) 
thrown [s\src\hotspot\share\interpreter\linkResolver.cpp, line 759]
Event: 3.223 Thread 0x000001ba03673060 Exception <a 'java/io/FileNotFoundException'{0x00000000eabbe9b0}> (0x00000000eabbe9b0) 
thrown [s\src\hotspot\share\prims\jni.cpp, line 516]

VM Operations (20 events):
Event: 2.135 Executing VM operation: HandshakeAllThreads
Event: 2.136 Executing VM operation: HandshakeAllThreads done
Event: 2.265 Executing VM operation: ParallelGCFailedAllocation
Event: 2.269 Executing VM operation: ParallelGCFailedAllocation done
Event: 2.530 Executing VM operation: HandshakeAllThreads
Event: 2.530 Executing VM operation: HandshakeAllThreads done
Event: 2.626 Executing VM operation: HandshakeAllThreads
Event: 2.626 Executing VM operation: HandshakeAllThreads done
Event: 2.628 Executing VM operation: HandshakeAllThreads
Event: 2.628 Executing VM operation: HandshakeAllThreads done
Event: 2.793 Executing VM operation: HandshakeAllThreads
Event: 2.793 Executing VM operation: HandshakeAllThreads done
Event: 3.047 Executing VM operation: ParallelGCFailedAllocation
Event: 3.052 Executing VM operation: ParallelGCFailedAllocation done
Event: 3.141 Executing VM operation: HandshakeAllThreads
Event: 3.156 Executing VM operation: HandshakeAllThreads done
Event: 3.158 Executing VM operation: CollectForMetadataAllocation
Event: 3.183 Executing VM operation: CollectForMetadataAllocation done
Event: 3.560 Executing VM operation: ParallelGCFailedAllocation
Event: 3.561 Executing VM operation: ParallelGCFailedAllocation done

Events (20 events):
Event: 3.235 loading class java/util/zip/GZIPInputStream
Event: 3.235 loading class java/util/zip/GZIPInputStream done
Event: 3.250 loading class java/io/StringReader
Event: 3.250 loading class java/io/StringReader done
Event: 3.254 loading class java/net/SocketTimeoutException
Event: 3.254 loading class java/io/InterruptedIOException
Event: 3.254 loading class java/io/InterruptedIOException done
Event: 3.255 loading class java/net/SocketTimeoutException done
Event: 3.255 loading class java/net/SocketException
Event: 3.255 loading class java/net/SocketException done
Event: 3.255 loading class java/net/UnknownHostException
Event: 3.255 loading class java/net/UnknownHostException done
Event: 3.255 loading class java/net/ProtocolException
Event: 3.255 loading class java/net/ProtocolException done
Event: 3.293 loading class java/io/FileWriter
Event: 3.293 loading class java/io/FileWriter done
Event: 3.313 Thread 0x000001ba03717050 Thread added: 0x000001ba03717050
Event: 3.377 loading class java/lang/NegativeArraySizeException
Event: 3.377 loading class java/lang/NegativeArraySizeException done
Event: 3.481 Thread 0x000001ba03717050 Thread exited: 0x000001ba03717050


Dynamic libraries:
0x00007ff7915c0000 - 0x00007ff7915ce000 	c:\Users\thiag\.vscode\extensions\redhat.java-1.17.0-win32-x64\jre\17.0.6-win32-x86_64\bin\java.exe
0x00007ffc0bf30000 - 0x00007ffc0c128000 	C:\Windows\SYSTEM32\ntdll.dll
0x00007ffc0a070000 - 0x00007ffc0a12f000 	C:\Windows\System32\KERNEL32.DLL
0x00007ffc09800000 - 0x00007ffc09ada000 	C:\Windows\System32\KERNELBASE.dll
0x00007ffc09bc0000 - 0x00007ffc09cc0000 	C:\Windows\System32\ucrtbase.dll
0x00007ffc04740000 - 0x00007ffc04757000 	c:\Users\thiag\.vscode\extensions\redhat.java-1.17.0-win32-x64\jre\17.0.6-win32-x86_64\bin\jli.dll
0x00007ffc0baf0000 - 0x00007ffc0bc8d000 	C:\Windows\System32\USER32.dll
0x00007ffc09ec0000 - 0x00007ffc09ee2000 	C:\Windows\System32\win32u.dll
0x00007ffc0b100000 - 0x00007ffc0b12b000 	C:\Windows\System32\GDI32.dll
0x00007ffc09640000 - 0x00007ffc09750000 	C:\Windows\System32\gdi32full.dll
0x00007ffc09ef0000 - 0x00007ffc09f8d000 	C:\Windows\System32\msvcp_win.dll
0x00007ffc04620000 - 0x00007ffc04639000 	c:\Users\thiag\.vscode\extensions\redhat.java-1.17.0-win32-x64\jre\17.0.6-win32-x86_64\bin\VCRUNTIME140.dll
0x00007ffbf63d0000 - 0x00007ffbf666a000 	C:\Windows\WinSxS\amd64_microsoft.windows.common-controls_6595b64144ccf1df_6.0.19041.1110_none_60b5254171f9507e\COMCTL32.dll
0x00007ffc0aff0000 - 0x00007ffc0b08e000 	C:\Windows\System32\msvcrt.dll
0x00007ffc0b1e0000 - 0x00007ffc0b210000 	C:\Windows\System32\IMM32.DLL
0x00007ffc04a70000 - 0x00007ffc04a7c000 	c:\Users\thiag\.vscode\extensions\redhat.java-1.17.0-win32-x64\jre\17.0.6-win32-x86_64\bin\vcruntime140_1.dll
0x00007ffbf4a90000 - 0x00007ffbf4b21000 	c:\Users\thiag\.vscode\extensions\redhat.java-1.17.0-win32-x64\jre\17.0.6-win32-x86_64\bin\msvcp140.dll
0x00007ffbd92f0000 - 0x00007ffbd9f37000 	c:\Users\thiag\.vscode\extensions\redhat.java-1.17.0-win32-x64\jre\17.0.6-win32-x86_64\bin\server\jvm.dll
0x00007ffc0a990000 - 0x00007ffc0aa3e000 	C:\Windows\System32\ADVAPI32.dll
0x00007ffc0b340000 - 0x00007ffc0b3dc000 	C:\Windows\System32\sechost.dll
0x00007ffc0aeb0000 - 0x00007ffc0afd6000 	C:\Windows\System32\RPCRT4.dll
0x00007ffbf4d40000 - 0x00007ffbf4d49000 	C:\Windows\SYSTEM32\WSOCK32.dll
0x00007ffc0b090000 - 0x00007ffc0b0fb000 	C:\Windows\System32\WS2_32.dll
0x00007ffbff3e0000 - 0x00007ffbff407000 	C:\Windows\SYSTEM32\WINMM.dll
0x00007ffc00d30000 - 0x00007ffc00d3a000 	C:\Windows\SYSTEM32\VERSION.dll
0x00007ffc07510000 - 0x00007ffc07522000 	C:\Windows\SYSTEM32\kernel.appcore.dll
0x00007ffc048f0000 - 0x00007ffc048fa000 	c:\Users\thiag\.vscode\extensions\redhat.java-1.17.0-win32-x64\jre\17.0.6-win32-x86_64\bin\jimage.dll
0x00007ffbfd630000 - 0x00007ffbfd814000 	C:\Windows\SYSTEM32\DBGHELP.DLL
0x00007ffbf1770000 - 0x00007ffbf17a4000 	C:\Windows\SYSTEM32\dbgcore.DLL
0x00007ffc09b30000 - 0x00007ffc09bb2000 	C:\Windows\System32\bcryptPrimitives.dll
0x00007ffc04820000 - 0x00007ffc0482e000 	c:\Users\thiag\.vscode\extensions\redhat.java-1.17.0-win32-x64\jre\17.0.6-win32-x86_64\bin\instrument.dll
0x00007ffbf4c00000 - 0x00007ffbf4c25000 	c:\Users\thiag\.vscode\extensions\redhat.java-1.17.0-win32-x64\jre\17.0.6-win32-x86_64\bin\java.dll
0x00007ffbfcac0000 - 0x00007ffbfcad8000 	c:\Users\thiag\.vscode\extensions\redhat.java-1.17.0-win32-x64\jre\17.0.6-win32-x86_64\bin\zip.dll
0x00007ffc0a1e0000 - 0x00007ffc0a924000 	C:\Windows\System32\SHELL32.dll
0x00007ffc07710000 - 0x00007ffc07ea3000 	C:\Windows\SYSTEM32\windows.storage.dll
0x00007ffc0b4c0000 - 0x00007ffc0b814000 	C:\Windows\System32\combase.dll
0x00007ffc090a0000 - 0x00007ffc090ce000 	C:\Windows\SYSTEM32\Wldp.dll
0x00007ffc0b820000 - 0x00007ffc0b8cd000 	C:\Windows\System32\SHCORE.dll
0x00007ffc0a930000 - 0x00007ffc0a985000 	C:\Windows\System32\shlwapi.dll
0x00007ffc09580000 - 0x00007ffc0959f000 	C:\Windows\SYSTEM32\profapi.dll
0x00007ffbfc230000 - 0x00007ffbfc249000 	C:\Users\thiag\.vscode\extensions\redhat.java-1.17.0-win32-x64\jre\17.0.6-win32-x86_64\bin\net.dll
0x00007ffc021a0000 - 0x00007ffc022aa000 	C:\Windows\SYSTEM32\WINHTTP.dll
0x00007ffc08e00000 - 0x00007ffc08e6a000 	C:\Windows\system32\mswsock.dll
0x00007ffbf4be0000 - 0x00007ffbf4bf5000 	C:\Users\thiag\.vscode\extensions\redhat.java-1.17.0-win32-x64\jre\17.0.6-win32-x86_64\bin\nio.dll
0x00007ffc04800000 - 0x00007ffc04810000 	c:\Users\thiag\.vscode\extensions\redhat.java-1.17.0-win32-x64\jre\17.0.6-win32-x86_64\bin\verify.dll
0x00007ffbf4b80000 - 0x00007ffbf4bbe000 	C:\Users\thiag\AppData\Roaming\Code\User\globalStorage\redhat.java\1.17.0\config_ss_win\org.eclipse.equinox.launcher\org.eclipse.equinox.launcher.win32.win32.x86_64_1.2.700.v20221108-1024\eclipse_11801.dll
0x00007ffc0b210000 - 0x00007ffc0b33a000 	C:\Windows\System32\ole32.dll

dbghelp: loaded successfully - version: 4.0.5 - missing functions: none
symbol engine: initialized successfully - sym options: 0x614 - pdb path: .;c:\Users\thiag\.vscode\extensions\redhat.java-1.17.0-win32-x64\jre\17.0.6-win32-x86_64\bin;C:\Windows\SYSTEM32;C:\Windows\WinSxS\amd64_microsoft.windows.common-controls_6595b64144ccf1df_6.0.19041.1110_none_60b5254171f9507e;c:\Users\thiag\.vscode\extensions\redhat.java-1.17.0-win32-x64\jre\17.0.6-win32-x86_64\bin\server;C:\Users\thiag\AppData\Roaming\Code\User\globalStorage\redhat.java\1.17.0\config_ss_win\org.eclipse.equinox.launcher\org.eclipse.equinox.launcher.win32.win32.x86_64_1.2.700.v20221108-1024

VM Arguments:
jvm_args: --add-modules=ALL-SYSTEM --add-opens=java.base/java.util=ALL-UNNAMED --add-opens=java.base/java.lang=ALL-UNNAMED --add-opens=java.base/sun.nio.fs=ALL-UNNAMED -Declipse.application=org.eclipse.jdt.ls.core.id1 -Dosgi.bundles.defaultStartLevel=4 -Declipse.product=org.eclipse.jdt.ls.core.product -Djava.import.generatesMetadataFilesAtProjectRoot=false -Dfile.encoding=utf8 -XX:+UseParallelGC -XX:GCTimeRatio=4 -XX:AdaptiveSizePolicyWeight=90 -Dsun.zip.disableMemoryMapping=true -Xmx1G -Xms100m -Xlog:disable -javaagent:c:\Users\thiag\.vscode\extensions\redhat.java-1.17.0-win32-x64\lombok\lombok-1.18.24.jar 
java_command: c:\Users\thiag\.vscode\extensions\redhat.java-1.17.0-win32-x64\server\plugins\org.eclipse.equinox.launcher_1.6.400.v20210924-0641.jar -configuration c:\Users\thiag\AppData\Roaming\Code\User\globalStorage\redhat.java\1.17.0\config_ss_win -data c:\Users\thiag\AppData\Roaming\Code\User\workspaceStorage\039792f43bdb8d0a8f4d2a83f5f7389b\redhat.java\ss_ws
java_class_path (initial): c:\Users\thiag\.vscode\extensions\redhat.java-1.17.0-win32-x64\server\plugins\org.eclipse.equinox.launcher_1.6.400.v20210924-0641.jar
Launcher Type: SUN_STANDARD

[Global flags]
    uintx AdaptiveSizePolicyWeight                 = 90                                        {product} {command line}
     intx CICompilerCount                          = 3                                         {product} {ergonomic}
    uintx GCTimeRatio                              = 4                                         {product} {command line}
   size_t InitialHeapSize                          = 104857600                                 {product} {command line}
   size_t MaxHeapSize                              = 1073741824                                {product} {command line}
   size_t MaxNewSize                               = 357564416                                 {product} {ergonomic}
   size_t MinHeapDeltaBytes                        = 524288                                    {product} {ergonomic}
   size_t MinHeapSize                              = 104857600                                 {product} {command line}
   size_t NewSize                                  = 34603008                                  {product} {ergonomic}
    uintx NonNMethodCodeHeapSize                   = 5832780                                {pd product} {ergonomic}
    uintx NonProfiledCodeHeapSize                  = 122912730                              {pd product} {ergonomic}
   size_t OldSize                                  = 70254592                                  {product} {ergonomic}
    uintx ProfiledCodeHeapSize                     = 122912730                              {pd product} {ergonomic}
    uintx ReservedCodeCacheSize                    = 251658240                              {pd product} {ergonomic}
     bool SegmentedCodeCache                       = true                                      {product} {ergonomic}
   size_t SoftMaxHeapSize                          = 1073741824                             {manageable} {ergonomic}
     bool UseCompressedClassPointers               = true                           {product lp64_product} {ergonomic}
     bool UseCompressedOops                        = true                           {product lp64_product} {ergonomic}
     bool UseLargePagesIndividualAllocation        = false                                  {pd product} {ergonomic}
     bool UseParallelGC                            = true                                      {product} {command line}

Logging:
Log output configuration:
 #0: stdout all=off uptime,level,tags
 #1: stderr all=off uptime,level,tags

Environment Variables:
PATH=C:\Program Files (x86)\Common Files\Oracle\Java\javapath;C:\Windows\system32;C:\Windows;C:\Windows\System32\Wbem;C:\Windows\System32\WindowsPowerShell\v1.0\;C:\Windows\System32\OpenSSH\;C:\Program Files\Microsoft VS Code\bin;H:\Node js\;C:\Program Files (x86)\dotnet\;C:\Program Files\Microsoft SQL Server\150\Tools\Binn\;C:\Program Files\Microsoft SQL Server\Client SDK\ODBC\170\Tools\Binn\;C:\Program Files\dotnet\;H:\Git\Git\cmd;C:\Users\thiag\AppData\Local\Microsoft\WindowsApps;C:\Users\thiag\AppData\Roaming\npm;C:\Users\thiag\AppData\Local\JetBrains\Toolbox\scripts;H:\AGES\src\flutter\bin;C:\Users\thiag\.dotnet\tools;H:\MinGW\bin;
USERNAME=thiag
OS=Windows_NT
PROCESSOR_IDENTIFIER=Intel64 Family 6 Model 158 Stepping 9, GenuineIntel
TMP=C:\Users\thiag\AppData\Local\Temp
TEMP=C:\Users\thiag\AppData\Local\Temp



---------------  S Y S T E M  ---------------

OS:
 Windows 10 , 64 bit Build 19041 (10.0.19041.2788)
OS uptime: 0 days 8:07 hours

CPU: total 4 (initial active 4) (4 cores per cpu, 1 threads per core) family 6 model 158 stepping 9 microcode 0xb4, cx8, cmov, fxsr, mmx, 3dnowpref, sse, sse2, sse3, ssse3, sse4.1, sse4.2, popcnt, lzcnt, tsc, tscinvbit, avx, avx2, aes, erms, clmul, bmi1, bmi2, adx, fma, vzeroupper, clflush, clflushopt

Memory: 4k page, system-wide physical 16324M (2763M free)
TotalPageFile size 38209M (AvailPageFile size 2M)
current process WorkingSet (physical memory assigned to process): 118M, peak: 118M
current process commit charge ("private bytes"): 214M, peak: 214M

vm_info: OpenJDK 64-Bit Server VM (17.0.6+10) for windows-amd64 JRE (17.0.6+10), built on Jan 18 2023 10:08:59 by "temurin" with MS VC++ 16.7 (VS2019)

END.
